<?xml version="1.0" encoding="UTF-8"?>
<!-- Generated by org.testng.reporters.JUnitXMLReporter -->
<testsuite ignored="0" hostname="DESKTOP-2ID5ETO" failures="0" tests="3" name="Default test" time="16.476" errors="0" timestamp="2025-06-08T22:33:45 IST">
  <testcase classname="com.saucedemo.testcases.LoginDDTTest" name="testLoginWithMultipleCredentials" time="0.871"/>
  <testcase classname="com.saucedemo.testcases.LoginDDTTest" name="testLoginWithMultipleCredentials" time="0.661"/>
  <testcase classname="com.saucedemo.testcases.LoginDDTTest" name="testLoginWithMultipleCredentials" time="0.638"/>
</testsuite> <!-- Default test -->
